<?xml version="1.0" encoding="UTF-8"?>
<testsuite xmlns:xsi="http://www.w3.org/2001/XMLSchema-instance" xsi:noNamespaceSchemaLocation="https://maven.apache.org/surefire/maven-surefire-plugin/xsd/surefire-test-report.xsd" name="TestRunner.TestRunner" time="9.13" tests="14" errors="0" skipped="0" failures="0">
  <properties>
[...]
</properties>
  <testcase name="verify email format from comment section for perticular user" classname="Mobiquity API Functional Tests" time="3.902"/>
  <testcase name="verify GET call endpoint #1" classname="Mobiquity API Functional Tests" time="0.925"/>
  <testcase name="verify GET call endpoint #2" classname="Mobiquity API Functional Tests" time="0.139"/>
  <testcase name="verify GET call endpoint #3" classname="Mobiquity API Functional Tests" time="0.139"/>
  <testcase name="verify GET call endpoint #4" classname="Mobiquity API Functional Tests" time="0.119"/>
  <testcase name="verify GET call endpoint #5" classname="Mobiquity API Functional Tests" time="0.142"/>
  <testcase name="verify POST call tests #1" classname="Mobiquity API Functional Tests" time="0.345"/>
  <testcase name="verify POST call tests #2" classname="Mobiquity API Functional Tests" time="0.297"/>
  <testcase name="verify POST call tests #3" classname="Mobiquity API Functional Tests" time="0.302"/>
  <testcase name="verify POST call tests #4" classname="Mobiquity API Functional Tests" time="0.286"/>
  <testcase name="verify DELETE call tests #1" classname="Mobiquity API Functional Tests" time="0.313"/>
  <testcase name="verify DELETE call tests #2" classname="Mobiquity API Functional Tests" time="0.296"/>
  <testcase name="verify DELETE call tests #3" classname="Mobiquity API Functional Tests" time="0.298"/>
  <testcase name="verify DELETE call tests #4" classname="Mobiquity API Functional Tests" time="0.29"/>
</testsuite>